<?xml version="1.0" encoding="UTF-8"?>
<!-- Generated by org.testng.reporters.JUnitReportReporter -->
<testsuite hostname="evy" failures="0" tests="1" name="com.tests.AddCustomerTest" time="13.065" errors="0" timestamp="2023-01-03T12:00:01 IST" skipped="0">
  <testcase classname="com.tests.AddCustomerTest" name="tc_addCustomer" time="13.065"/>
  <system-out/>
</testsuite> <!-- com.tests.AddCustomerTest -->
