<?xml version="1.0" encoding="UTF-8"?>
<!-- Generated by org.testng.reporters.JUnitReportReporter -->
<testsuite hostname="evy" failures="0" tests="1" name="com.tests.AddDiscountTest" time="12.548" errors="0" timestamp="2023-01-03T12:00:01 IST" skipped="0">
  <testcase classname="com.tests.AddDiscountTest" name="tc_addDiscount" time="12.548"/>
  <system-out/>
</testsuite> <!-- com.tests.AddDiscountTest -->
